<?xml version="1.0" encoding="UTF-8"?>
<!-- Generated by org.testng.reporters.JUnitReportReporter -->
<testsuite skipped="0" hostname="DhanaShree" name="com.amol.OrangeHRM.LoginTest" tests="1" failures="0" timestamp="05 Jan 2018 12:15:42 GMT" time="28.245" errors="0">
  <testcase name="initBrowser" time="28.245" classname="com.amol.OrangeHRM.LoginTest"/>
</testsuite> <!-- com.amol.OrangeHRM.LoginTest -->
